[debug] [2020-06-07T18:49:21.618Z] ----------------------------------------------------------------------
[debug] [2020-06-07T18:49:21.619Z] Command:       /Users/wenxindong/.nvm/versions/node/v13.12.0/bin/node /Users/wenxindong/.nvm/versions/node/v13.12.0/bin/firebase emulators:start
[debug] [2020-06-07T18:49:21.620Z] CLI Version:   8.1.1
[debug] [2020-06-07T18:49:21.620Z] Platform:      darwin
[debug] [2020-06-07T18:49:21.620Z] Node Version:  v13.12.0
[debug] [2020-06-07T18:49:21.621Z] Time:          Sun Jun 07 2020 11:49:21 GMT-0700 (Pacific Daylight Time)
[debug] [2020-06-07T18:49:21.621Z] ----------------------------------------------------------------------
[debug] [2020-06-07T18:49:21.621Z] 
[debug] [2020-06-07T18:49:21.631Z] > command requires scopes: ["email","openid","https://www.googleapis.com/auth/cloudplatformprojects.readonly","https://www.googleapis.com/auth/firebase","https://www.googleapis.com/auth/cloud-platform"]
[debug] [2020-06-07T18:49:21.631Z] > authorizing via signed-in user
[info] i  emulators: Starting emulators: functions, firestore, hosting
[warn] ⚠  emulators: It seems that you are running multiple instances of the emulator suite for project pony-express-project. This may result in unexpected behavior.
[debug] [2020-06-07T18:49:21.658Z] [hub] writing locator at /var/folders/zn/_h9klgr54fqfrxddhy95lxhw0000gn/T/hub-pony-express-project.json
[info] ✔  hub: emulator hub started at http://localhost:4400
[warn] ⚠  Your requested "node" version "8" doesn't match your global version "13"
[info] ✔  functions: functions emulator started at http://localhost:5001
[debug] [2020-06-07T18:49:21.948Z] Ignoring unsupported arg: projectId
[debug] [2020-06-07T18:49:21.948Z] Ignoring unsupported arg: auto_download
[debug] [2020-06-07T18:49:21.948Z] Starting firestore emulator with command {"binary":"java","args":["-Duser.language=en","-jar","/Users/wenxindong/.cache/firebase/emulators/cloud-firestore-emulator-v1.11.3.jar","--host","localhost","--port",8080,"--rules","/Users/wenxindong/Desktop/ponyexpress/firestore.rules","--functions_emulator","localhost:5001"],"optionalArgs":["port","webchannel_port","host","rules","functions_emulator","seed_from_export"],"joinArgs":false}
[info] i  firestore: firestore emulator logging to firestore-debug.log
[debug] [2020-06-07T18:49:23.592Z] API endpoint: http://
[debug] [2020-06-07T18:49:23.592Z] localhost:8080
If you are using a library that supports the FIRESTORE_EMULATOR_HOST environment variable, run:

   export FIRESTORE_EMULATOR_HOST=localhost:8080

Dev App Server is now running.


[info] ✔  firestore: firestore emulator started at http://localhost:8080
[info] i  firestore: For testing set FIRESTORE_EMULATOR_HOST=localhost:8080
[debug] [2020-06-07T18:49:23.727Z] >>> HTTP REQUEST GET https://firebase.googleapis.com/v1beta1/projects/pony-express-project/webApps/-/config  
 
[debug] [2020-06-07T18:49:24.149Z] <<< HTTP RESPONSE 200 {"content-type":"application/json; charset=UTF-8","vary":"X-Origin, Referer, Origin,Accept-Encoding","date":"Sun, 07 Jun 2020 18:49:24 GMT","server":"ESF","cache-control":"private","x-xss-protection":"0","x-frame-options":"SAMEORIGIN","x-content-type-options":"nosniff","alt-svc":"h3-27=\":443\"; ma=2592000,h3-25=\":443\"; ma=2592000,h3-T050=\":443\"; ma=2592000,h3-Q050=\":443\"; ma=2592000,h3-Q049=\":443\"; ma=2592000,h3-Q048=\":443\"; ma=2592000,h3-Q046=\":443\"; ma=2592000,h3-Q043=\":443\"; ma=2592000,quic=\":443\"; ma=2592000; v=\"46,43\"","accept-ranges":"none","transfer-encoding":"chunked"}
[info] i  hosting: Serving hosting files from: build
[info] ✔  hosting: Local server: http://localhost:5000
[info] ✔  hosting: hosting emulator started at http://localhost:5000
[info] i  functions: Watching "/Users/wenxindong/Desktop/ponyexpress/functions" for Cloud Functions...
[debug] [2020-06-07T18:49:24.184Z] [worker-pool] addWorker(~diagnostic~) 
[debug] [2020-06-07T18:49:24.184Z] [worker-pool] Adding worker with key ~diagnostic~, total=1 
[debug] [2020-06-07T18:49:24.184Z] [worker-pool] submitWork(triggerId=) 
[debug] [2020-06-07T18:49:24.185Z] [worker-~diagnostic~-58fcb806-c136-433a-8a91-4d70af47bbc7]: Assigning socketPath: /var/folders/zn/_h9klgr54fqfrxddhy95lxhw0000gn/T/fire_emu_1987.sock 
[debug] [2020-06-07T18:49:24.185Z] [worker-~diagnostic~-58fcb806-c136-433a-8a91-4d70af47bbc7]: BUSY 
[debug] [2020-06-07T18:49:24.477Z] [runtime-status] [1987] Functions runtime initialized. {"cwd":"/Users/wenxindong/Desktop/ponyexpress/functions","node_version":"13.12.0"} 
[debug] [2020-06-07T18:49:24.486Z] [runtime-status] [1987] Disabled runtime features: undefined 
[debug] [2020-06-07T18:49:24.486Z] [runtime-status] [1987] Resolved module firebase-admin {"declared":true,"installed":true,"version":"8.11.0","resolution":"/Users/wenxindong/Desktop/ponyexpress/functions/node_modules/firebase-admin/lib/index.js"} 
[debug] [2020-06-07T18:49:24.486Z] [runtime-status] [1987] Resolved module firebase-functions {"declared":true,"installed":true,"version":"3.6.0","resolution":"/Users/wenxindong/Desktop/ponyexpress/functions/node_modules/firebase-functions/lib/index.js"} 
[debug] [2020-06-07T18:49:24.486Z] [runtime-status] [1987] Outgoing network have been stubbed. [{"name":"http","status":"mocked"},{"name":"http","status":"mocked"},{"name":"https","status":"mocked"},{"name":"https","status":"mocked"},{"name":"net","status":"mocked"}] 
[debug] [2020-06-07T18:49:24.517Z] [runtime-status] [1987] Checked functions.config() {"config":{}} 
[debug] [2020-06-07T18:49:24.518Z] [runtime-status] [1987] Resolved module firebase-functions {"declared":true,"installed":true,"version":"3.6.0","resolution":"/Users/wenxindong/Desktop/ponyexpress/functions/node_modules/firebase-functions/lib/index.js"} 
[debug] [2020-06-07T18:49:24.521Z] [runtime-status] [1987] Resolved module firebase-admin {"declared":true,"installed":true,"version":"8.11.0","resolution":"/Users/wenxindong/Desktop/ponyexpress/functions/node_modules/firebase-admin/lib/index.js"} 
[debug] [2020-06-07T18:49:24.522Z] [runtime-status] [1987] Resolved module firebase-functions {"declared":true,"installed":true,"version":"3.6.0","resolution":"/Users/wenxindong/Desktop/ponyexpress/functions/node_modules/firebase-functions/lib/index.js"} 
[debug] [2020-06-07T18:49:24.522Z] [runtime-status] [1987] firebase-admin has been stubbed. {"adminResolution":{"declared":true,"installed":true,"version":"8.11.0","resolution":"/Users/wenxindong/Desktop/ponyexpress/functions/node_modules/firebase-admin/lib/index.js"}} 
[debug] [2020-06-07T18:49:24.600Z] [runtime-status] [1987] initializeApp(DEFAULT) {"databaseURL":"https://pony-express-project.firebaseio.com","storageBucket":"pony-express-project.appspot.com","projectId":"pony-express-project"} 
[debug] [2020-06-07T18:49:24.603Z] [worker-~diagnostic~-58fcb806-c136-433a-8a91-4d70af47bbc7]: IDLE 
[debug] [2020-06-07T18:49:24.604Z] addFirestoreTrigger "{\"eventTrigger\":{\"resource\":\"projects/pony-express-project/databases/(default)/documents/testing/{documentId}\",\"eventType\":\"providers/cloud.firestore/eventTypes/document.create\",\"service\":\"firestore.googleapis.com\"}}"
[debug] [2020-06-07T18:49:24.604Z] >>> HTTP REQUEST PUT http://localhost:8080/emulator/v1/projects/pony-express-project/triggers/sendEmailAfterPostingRequest  
 {"eventTrigger":{"resource":"projects/pony-express-project/databases/(default)/documents/testing/{documentId}","eventType":"providers/cloud.firestore/eventTypes/document.create","service":"firestore.googleapis.com"}}
[debug] [2020-06-07T18:49:24.647Z] Jun 07, 2020 11:49:24 AM io.gapi.emulators.netty.HttpVersionRoutingHandler channelRead
INFO: Detected non-HTTP/2 connection.

[debug] [2020-06-07T18:49:24.898Z] Jun 07, 2020 11:49:24 AM io.gapi.emulators.netty.HttpVersionRoutingHandler channelRead
INFO: Detected HTTP/2 connection.

[debug] [2020-06-07T18:49:25.635Z] <<< HTTP RESPONSE 200 {"content-type":"application/json","content-length":"4"}
[debug] [2020-06-07T18:49:25.636Z] addFirestoreTrigger "{\"eventTrigger\":{\"resource\":\"projects/pony-express-project/databases/(default)/documents/testing/{documentId}\",\"eventType\":\"providers/cloud.firestore/eventTypes/document.create\",\"service\":\"firestore.googleapis.com\"}}"
[debug] [2020-06-07T18:49:25.636Z] >>> HTTP REQUEST PUT http://localhost:8080/emulator/v1/projects/pony-express-project/triggers/sendEmailToDriverAndRequesterAfterOfferToDeliver  
 {"eventTrigger":{"resource":"projects/pony-express-project/databases/(default)/documents/testing/{documentId}","eventType":"providers/cloud.firestore/eventTypes/document.create","service":"firestore.googleapis.com"}}
[debug] [2020-06-07T18:49:25.651Z] Jun 07, 2020 11:49:25 AM io.gapi.emulators.netty.HttpVersionRoutingHandler channelRead
INFO: Detected non-HTTP/2 connection.

[debug] [2020-06-07T18:49:25.664Z] <<< HTTP RESPONSE 200 {"content-type":"application/json","content-length":"4"}
[info] ✔  functions[addMessage]: http function initialized (http://localhost:5001/pony-express-project/us-central1/addMessage).
[info] ✔  functions[sendEmailAfterPostingRequest]: firestore function initialized.
[info] ✔  functions[sendEmailToDriverAndRequesterAfterOfferToDeliver]: firestore function initialized.
[info] ✔  emulators: All emulators started, it is now safe to connect.
[debug] [2020-06-07T18:49:29.716Z] [work-queue] {"queueLength":1,"workRunningCount":0}
[debug] [2020-06-07T18:49:29.717Z] [work-queue] {"queueLength":0,"workRunningCount":1}
[debug] [2020-06-07T18:49:29.717Z] Accepted request GET /pony-express-project/us-central1/addMessage?text=heya --> addMessage
[debug] [2020-06-07T18:49:29.721Z] [worker-pool] addWorker(addMessage) 
[debug] [2020-06-07T18:49:29.722Z] [worker-pool] Adding worker with key addMessage, total=1 
[debug] [2020-06-07T18:49:29.722Z] [worker-pool] submitWork(triggerId=addMessage) 
[debug] [2020-06-07T18:49:29.722Z] [worker-addMessage-149e3ae7-2db3-4662-a08f-f349fc4ea8ed]: Assigning socketPath: /var/folders/zn/_h9klgr54fqfrxddhy95lxhw0000gn/T/fire_emu_1988.sock 
[debug] [2020-06-07T18:49:29.722Z] [worker-addMessage-149e3ae7-2db3-4662-a08f-f349fc4ea8ed]: BUSY 
[debug] [2020-06-07T18:49:30.027Z] [runtime-status] [1988] Functions runtime initialized. {"cwd":"/Users/wenxindong/Desktop/ponyexpress/functions","node_version":"13.12.0"} 
[debug] [2020-06-07T18:49:30.036Z] [runtime-status] [1988] Disabled runtime features: undefined 
[debug] [2020-06-07T18:49:30.037Z] [runtime-status] [1988] Resolved module firebase-admin {"declared":true,"installed":true,"version":"8.11.0","resolution":"/Users/wenxindong/Desktop/ponyexpress/functions/node_modules/firebase-admin/lib/index.js"} 
[debug] [2020-06-07T18:49:30.037Z] [runtime-status] [1988] Resolved module firebase-functions {"declared":true,"installed":true,"version":"3.6.0","resolution":"/Users/wenxindong/Desktop/ponyexpress/functions/node_modules/firebase-functions/lib/index.js"} 
[debug] [2020-06-07T18:49:30.037Z] [runtime-status] [1988] Outgoing network have been stubbed. [{"name":"http","status":"mocked"},{"name":"http","status":"mocked"},{"name":"https","status":"mocked"},{"name":"https","status":"mocked"},{"name":"net","status":"mocked"}] 
[debug] [2020-06-07T18:49:30.069Z] [runtime-status] [1988] Checked functions.config() {"config":{}} 
[debug] [2020-06-07T18:49:30.070Z] [runtime-status] [1988] Resolved module firebase-functions {"declared":true,"installed":true,"version":"3.6.0","resolution":"/Users/wenxindong/Desktop/ponyexpress/functions/node_modules/firebase-functions/lib/index.js"} 
[debug] [2020-06-07T18:49:30.072Z] [runtime-status] [1988] Resolved module firebase-admin {"declared":true,"installed":true,"version":"8.11.0","resolution":"/Users/wenxindong/Desktop/ponyexpress/functions/node_modules/firebase-admin/lib/index.js"} 
[debug] [2020-06-07T18:49:30.072Z] [runtime-status] [1988] Resolved module firebase-functions {"declared":true,"installed":true,"version":"3.6.0","resolution":"/Users/wenxindong/Desktop/ponyexpress/functions/node_modules/firebase-functions/lib/index.js"} 
[debug] [2020-06-07T18:49:30.072Z] [runtime-status] [1988] firebase-admin has been stubbed. {"adminResolution":{"declared":true,"installed":true,"version":"8.11.0","resolution":"/Users/wenxindong/Desktop/ponyexpress/functions/node_modules/firebase-admin/lib/index.js"}} 
[debug] [2020-06-07T18:49:30.161Z] [runtime-status] [1988] initializeApp(DEFAULT) {"databaseURL":"https://pony-express-project.firebaseio.com","storageBucket":"pony-express-project.appspot.com","projectId":"pony-express-project"} 
[debug] [2020-06-07T18:49:30.162Z] [runtime-status] [1988] Trigger "addMessage" has been found, beginning invocation! 
[info] i  functions: Beginning execution of "addMessage"
[debug] [2020-06-07T18:49:30.163Z] [runtime-status] [1988] triggerDefinition {"httpsTrigger":{},"name":"addMessage","entryPoint":"addMessage"} 
[debug] [2020-06-07T18:49:30.163Z] [runtime-status] [1988] Running addMessage in mode HTTPS 
[debug] [2020-06-07T18:49:30.169Z] [runtime-status] [1988] Attempting to listen to socketPath: /var/folders/zn/_h9klgr54fqfrxddhy95lxhw0000gn/T/fire_emu_1988.sock 
[debug] [2020-06-07T18:49:30.170Z] [functions] Runtime ready! Sending request! 
[debug] [2020-06-07T18:49:30.177Z] [runtime-status] [1988] Ephemeral server handling GET request 
[debug] [2020-06-07T18:49:30.544Z] Jun 07, 2020 11:49:30 AM io.gapi.emulators.netty.HttpVersionRoutingHandler channelRead
INFO: Detected HTTP/2 connection.

[debug] [2020-06-07T18:49:30.771Z] [runtime-status] [1988] Ephemeral server survived. 
[info] i  functions: Finished "addMessage" in ~1s
[debug] [2020-06-07T18:49:30.776Z] [worker-addMessage-149e3ae7-2db3-4662-a08f-f349fc4ea8ed]: IDLE 
[debug] [2020-06-07T18:49:30.776Z] [work-queue] {"queueLength":0,"workRunningCount":0}
[debug] [2020-06-07T18:49:30.825Z] [work-queue] {"queueLength":1,"workRunningCount":0}
[debug] [2020-06-07T18:49:30.825Z] [work-queue] {"queueLength":0,"workRunningCount":1}
[debug] [2020-06-07T18:49:30.825Z] Accepted request POST /functions/projects/pony-express-project/triggers/sendEmailToDriverAndRequesterAfterOfferToDeliver --> sendEmailToDriverAndRequesterAfterOfferToDeliver 
[debug] [2020-06-07T18:49:30.842Z] [worker-pool] addWorker(sendEmailToDriverAndRequesterAfterOfferToDeliver) 
[debug] [2020-06-07T18:49:30.842Z] [worker-pool] Adding worker with key sendEmailToDriverAndRequesterAfterOfferToDeliver, total=1 
[debug] [2020-06-07T18:49:30.842Z] [worker-pool] submitWork(triggerId=sendEmailToDriverAndRequesterAfterOfferToDeliver) 
[debug] [2020-06-07T18:49:30.842Z] [worker-sendEmailToDriverAndRequesterAfterOfferToDeliver-adff4c63-02bb-4cd2-884d-cdfa915025b5]: Assigning socketPath: /var/folders/zn/_h9klgr54fqfrxddhy95lxhw0000gn/T/fire_emu_1989.sock 
[debug] [2020-06-07T18:49:30.842Z] [worker-sendEmailToDriverAndRequesterAfterOfferToDeliver-adff4c63-02bb-4cd2-884d-cdfa915025b5]: BUSY 
[debug] [2020-06-07T18:49:31.251Z] [runtime-status] [1989] Functions runtime initialized. {"cwd":"/Users/wenxindong/Desktop/ponyexpress/functions","node_version":"13.12.0"} 
[debug] [2020-06-07T18:49:31.255Z] [runtime-status] [1989] Disabled runtime features: undefined 
[debug] [2020-06-07T18:49:31.257Z] [runtime-status] [1989] Resolved module firebase-admin {"declared":true,"installed":true,"version":"8.11.0","resolution":"/Users/wenxindong/Desktop/ponyexpress/functions/node_modules/firebase-admin/lib/index.js"} 
[debug] [2020-06-07T18:49:31.259Z] [runtime-status] [1989] Resolved module firebase-functions {"declared":true,"installed":true,"version":"3.6.0","resolution":"/Users/wenxindong/Desktop/ponyexpress/functions/node_modules/firebase-functions/lib/index.js"} 
[debug] [2020-06-07T18:49:31.262Z] [runtime-status] [1989] Outgoing network have been stubbed. [{"name":"http","status":"mocked"},{"name":"http","status":"mocked"},{"name":"https","status":"mocked"},{"name":"https","status":"mocked"},{"name":"net","status":"mocked"}] 
[debug] [2020-06-07T18:49:31.295Z] [runtime-status] [1989] Checked functions.config() {"config":{}} 
[debug] [2020-06-07T18:49:31.296Z] [runtime-status] [1989] Resolved module firebase-functions {"declared":true,"installed":true,"version":"3.6.0","resolution":"/Users/wenxindong/Desktop/ponyexpress/functions/node_modules/firebase-functions/lib/index.js"} 
[debug] [2020-06-07T18:49:31.297Z] [runtime-status] [1989] Resolved module firebase-admin {"declared":true,"installed":true,"version":"8.11.0","resolution":"/Users/wenxindong/Desktop/ponyexpress/functions/node_modules/firebase-admin/lib/index.js"} 
[debug] [2020-06-07T18:49:31.298Z] [runtime-status] [1989] Resolved module firebase-functions {"declared":true,"installed":true,"version":"3.6.0","resolution":"/Users/wenxindong/Desktop/ponyexpress/functions/node_modules/firebase-functions/lib/index.js"} 
[debug] [2020-06-07T18:49:31.298Z] [runtime-status] [1989] firebase-admin has been stubbed. {"adminResolution":{"declared":true,"installed":true,"version":"8.11.0","resolution":"/Users/wenxindong/Desktop/ponyexpress/functions/node_modules/firebase-admin/lib/index.js"}} 
[debug] [2020-06-07T18:49:31.379Z] [runtime-status] [1989] initializeApp(DEFAULT) {"databaseURL":"https://pony-express-project.firebaseio.com","storageBucket":"pony-express-project.appspot.com","projectId":"pony-express-project"} 
[debug] [2020-06-07T18:49:31.381Z] [runtime-status] [1989] Trigger "sendEmailToDriverAndRequesterAfterOfferToDeliver" has been found, beginning invocation! 
[info] i  functions: Beginning execution of "sendEmailToDriverAndRequesterAfterOfferToDeliver"
[debug] [2020-06-07T18:49:31.382Z] [runtime-status] [1989] triggerDefinition {"eventTrigger":{"resource":"projects/pony-express-project/databases/(default)/documents/testing/{documentId}","eventType":"providers/cloud.firestore/eventTypes/document.create","service":"firestore.googleapis.com"},"name":"sendEmailToDriverAndRequesterAfterOfferToDeliver","entryPoint":"sendEmailToDriverAndRequesterAfterOfferToDeliver"} 
[debug] [2020-06-07T18:49:31.382Z] [runtime-status] [1989] Running sendEmailToDriverAndRequesterAfterOfferToDeliver in mode BACKGROUND 
[debug] [2020-06-07T18:49:31.383Z] [runtime-status] [1989] ProcessBackground {"data":{"value":{"name":"projects/pony-express-project/databases/(default)/documents/testing/HWdlNrUVEQlL7mKsV8fq","fields":{"original":{"stringValue":"heya"}},"createTime":"2020-06-07T18:49:30.622941Z","updateTime":"2020-06-07T18:49:30.622941Z"},"updateMask":{}},"context":{"eventId":"0dc8c5a3-d6f9-4c2f-8779-2f8c6aa9f008","timestamp":"2020-06-07T18:49:30.622Z","eventType":"providers/cloud.firestore/eventTypes/document.create","resource":{"name":"projects/pony-express-project/databases/(default)/documents/testing/HWdlNrUVEQlL7mKsV8fq","service":"firestore.googleapis.com"}}} 
[debug] [2020-06-07T18:49:31.383Z] [runtime-status] [1989] ProcessBackground: lifting resource.name from resource {"name":"projects/pony-express-project/databases/(default)/documents/testing/HWdlNrUVEQlL7mKsV8fq","service":"firestore.googleapis.com"} 
[debug] [2020-06-07T18:49:31.384Z] [runtime-status] [1989] RunBackground {"data":{"value":{"name":"projects/pony-express-project/databases/(default)/documents/testing/HWdlNrUVEQlL7mKsV8fq","fields":{"original":{"stringValue":"heya"}},"createTime":"2020-06-07T18:49:30.622941Z","updateTime":"2020-06-07T18:49:30.622941Z"},"updateMask":{}},"context":{"eventId":"0dc8c5a3-d6f9-4c2f-8779-2f8c6aa9f008","timestamp":"2020-06-07T18:49:30.622Z","eventType":"providers/cloud.firestore/eventTypes/document.create","resource":"projects/pony-express-project/databases/(default)/documents/testing/HWdlNrUVEQlL7mKsV8fq"}} 
[debug] [2020-06-07T18:49:31.773Z] Jun 07, 2020 11:49:31 AM io.gapi.emulators.netty.HttpVersionRoutingHandler channelRead
INFO: Detected HTTP/2 connection.

[debug] [2020-06-07T18:49:31.815Z] [runtime-status] [1989] Ephemeral server survived. 
[info] i  functions: Finished "sendEmailToDriverAndRequesterAfterOfferToDeliver" in ~1s
[debug] [2020-06-07T18:49:31.815Z] [worker-sendEmailToDriverAndRequesterAfterOfferToDeliver-adff4c63-02bb-4cd2-884d-cdfa915025b5]: IDLE 
[debug] [2020-06-07T18:49:31.819Z] [work-queue] {"queueLength":0,"workRunningCount":0}
[debug] [2020-06-07T18:49:31.831Z] [work-queue] {"queueLength":1,"workRunningCount":0}
[debug] [2020-06-07T18:49:31.831Z] [work-queue] {"queueLength":0,"workRunningCount":1}
[debug] [2020-06-07T18:49:31.831Z] Accepted request POST /functions/projects/pony-express-project/triggers/sendEmailAfterPostingRequest --> sendEmailAfterPostingRequest 
[debug] [2020-06-07T18:49:31.836Z] [worker-pool] addWorker(sendEmailAfterPostingRequest) 
[debug] [2020-06-07T18:49:31.836Z] [worker-pool] Adding worker with key sendEmailAfterPostingRequest, total=1 
[debug] [2020-06-07T18:49:31.836Z] [worker-pool] submitWork(triggerId=sendEmailAfterPostingRequest) 
[debug] [2020-06-07T18:49:31.836Z] [worker-sendEmailAfterPostingRequest-cc1f0901-64ba-47cd-8f65-efc2679baa09]: Assigning socketPath: /var/folders/zn/_h9klgr54fqfrxddhy95lxhw0000gn/T/fire_emu_1990.sock 
[debug] [2020-06-07T18:49:31.837Z] [worker-sendEmailAfterPostingRequest-cc1f0901-64ba-47cd-8f65-efc2679baa09]: BUSY 
[info] >  Message sent {"user":"Message sent"}
[info] >  Message sent {"user":"Message sent"}
[debug] [2020-06-07T18:49:32.119Z] [runtime-status] [1990] Functions runtime initialized. {"cwd":"/Users/wenxindong/Desktop/ponyexpress/functions","node_version":"13.12.0"} 
[debug] [2020-06-07T18:49:32.127Z] [runtime-status] [1990] Disabled runtime features: undefined 
[debug] [2020-06-07T18:49:32.128Z] [runtime-status] [1990] Resolved module firebase-admin {"declared":true,"installed":true,"version":"8.11.0","resolution":"/Users/wenxindong/Desktop/ponyexpress/functions/node_modules/firebase-admin/lib/index.js"} 
[debug] [2020-06-07T18:49:32.128Z] [runtime-status] [1990] Resolved module firebase-functions {"declared":true,"installed":true,"version":"3.6.0","resolution":"/Users/wenxindong/Desktop/ponyexpress/functions/node_modules/firebase-functions/lib/index.js"} 
[debug] [2020-06-07T18:49:32.128Z] [runtime-status] [1990] Outgoing network have been stubbed. [{"name":"http","status":"mocked"},{"name":"http","status":"mocked"},{"name":"https","status":"mocked"},{"name":"https","status":"mocked"},{"name":"net","status":"mocked"}] 
[debug] [2020-06-07T18:49:32.158Z] [runtime-status] [1990] Checked functions.config() {"config":{}} 
[debug] [2020-06-07T18:49:32.159Z] [runtime-status] [1990] Resolved module firebase-functions {"declared":true,"installed":true,"version":"3.6.0","resolution":"/Users/wenxindong/Desktop/ponyexpress/functions/node_modules/firebase-functions/lib/index.js"} 
[debug] [2020-06-07T18:49:32.159Z] [runtime-status] [1990] Resolved module firebase-admin {"declared":true,"installed":true,"version":"8.11.0","resolution":"/Users/wenxindong/Desktop/ponyexpress/functions/node_modules/firebase-admin/lib/index.js"} 
[debug] [2020-06-07T18:49:32.160Z] [runtime-status] [1990] Resolved module firebase-functions {"declared":true,"installed":true,"version":"3.6.0","resolution":"/Users/wenxindong/Desktop/ponyexpress/functions/node_modules/firebase-functions/lib/index.js"} 
[debug] [2020-06-07T18:49:32.160Z] [runtime-status] [1990] firebase-admin has been stubbed. {"adminResolution":{"declared":true,"installed":true,"version":"8.11.0","resolution":"/Users/wenxindong/Desktop/ponyexpress/functions/node_modules/firebase-admin/lib/index.js"}} 
[debug] [2020-06-07T18:49:32.232Z] [runtime-status] [1990] initializeApp(DEFAULT) {"databaseURL":"https://pony-express-project.firebaseio.com","storageBucket":"pony-express-project.appspot.com","projectId":"pony-express-project"} 
[debug] [2020-06-07T18:49:32.234Z] [runtime-status] [1990] Trigger "sendEmailAfterPostingRequest" has been found, beginning invocation! 
[info] i  functions: Beginning execution of "sendEmailAfterPostingRequest"
[debug] [2020-06-07T18:49:32.235Z] [runtime-status] [1990] triggerDefinition {"eventTrigger":{"resource":"projects/pony-express-project/databases/(default)/documents/testing/{documentId}","eventType":"providers/cloud.firestore/eventTypes/document.create","service":"firestore.googleapis.com"},"name":"sendEmailAfterPostingRequest","entryPoint":"sendEmailAfterPostingRequest"} 
[debug] [2020-06-07T18:49:32.235Z] [runtime-status] [1990] Running sendEmailAfterPostingRequest in mode BACKGROUND 
[debug] [2020-06-07T18:49:32.236Z] [runtime-status] [1990] ProcessBackground {"data":{"value":{"name":"projects/pony-express-project/databases/(default)/documents/testing/HWdlNrUVEQlL7mKsV8fq","fields":{"original":{"stringValue":"heya"}},"createTime":"2020-06-07T18:49:30.622941Z","updateTime":"2020-06-07T18:49:30.622941Z"},"updateMask":{}},"context":{"eventId":"0dc8c5a3-d6f9-4c2f-8779-2f8c6aa9f008","timestamp":"2020-06-07T18:49:30.622Z","eventType":"providers/cloud.firestore/eventTypes/document.create","resource":{"name":"projects/pony-express-project/databases/(default)/documents/testing/HWdlNrUVEQlL7mKsV8fq","service":"firestore.googleapis.com"}}} 
[debug] [2020-06-07T18:49:32.236Z] [runtime-status] [1990] ProcessBackground: lifting resource.name from resource {"name":"projects/pony-express-project/databases/(default)/documents/testing/HWdlNrUVEQlL7mKsV8fq","service":"firestore.googleapis.com"} 
[debug] [2020-06-07T18:49:32.237Z] [runtime-status] [1990] RunBackground {"data":{"value":{"name":"projects/pony-express-project/databases/(default)/documents/testing/HWdlNrUVEQlL7mKsV8fq","fields":{"original":{"stringValue":"heya"}},"createTime":"2020-06-07T18:49:30.622941Z","updateTime":"2020-06-07T18:49:30.622941Z"},"updateMask":{}},"context":{"eventId":"0dc8c5a3-d6f9-4c2f-8779-2f8c6aa9f008","timestamp":"2020-06-07T18:49:30.622Z","eventType":"providers/cloud.firestore/eventTypes/document.create","resource":"projects/pony-express-project/databases/(default)/documents/testing/HWdlNrUVEQlL7mKsV8fq"}} 
[debug] [2020-06-07T18:49:32.550Z] Jun 07, 2020 11:49:32 AM io.gapi.emulators.netty.HttpVersionRoutingHandler channelRead
INFO: Detected HTTP/2 connection.

[debug] [2020-06-07T18:49:32.569Z] [runtime-status] [1990] Ephemeral server survived. 
[info] i  functions: Finished "sendEmailAfterPostingRequest" in ~1s
[debug] [2020-06-07T18:49:32.569Z] [worker-sendEmailAfterPostingRequest-cc1f0901-64ba-47cd-8f65-efc2679baa09]: IDLE 
[debug] [2020-06-07T18:49:32.570Z] [work-queue] {"queueLength":0,"workRunningCount":0}
[info] >  Message sent {"user":"Message sent"}
[debug] [2020-06-07T18:49:58.653Z] File /Users/wenxindong/Desktop/ponyexpress/functions/index.js changed, reloading triggers 
[debug] [2020-06-07T18:49:59.654Z] [worker-pool] Shutting down IDLE worker (~diagnostic~) 
[debug] [2020-06-07T18:49:59.654Z] [worker-~diagnostic~-58fcb806-c136-433a-8a91-4d70af47bbc7]: FINISHING 
[debug] [2020-06-07T18:49:59.655Z] [worker-pool] Shutting down IDLE worker (addMessage) 
[debug] [2020-06-07T18:49:59.655Z] [worker-addMessage-149e3ae7-2db3-4662-a08f-f349fc4ea8ed]: FINISHING 
[debug] [2020-06-07T18:49:59.655Z] [worker-pool] Shutting down IDLE worker (sendEmailToDriverAndRequesterAfterOfferToDeliver) 
[debug] [2020-06-07T18:49:59.655Z] [worker-sendEmailToDriverAndRequesterAfterOfferToDeliver-adff4c63-02bb-4cd2-884d-cdfa915025b5]: FINISHING 
[debug] [2020-06-07T18:49:59.655Z] [worker-pool] Shutting down IDLE worker (sendEmailAfterPostingRequest) 
[debug] [2020-06-07T18:49:59.656Z] [worker-sendEmailAfterPostingRequest-cc1f0901-64ba-47cd-8f65-efc2679baa09]: FINISHING 
[debug] [2020-06-07T18:49:59.676Z] [worker-pool] addWorker(~diagnostic~) 
[debug] [2020-06-07T18:49:59.676Z] [worker-pool] Adding worker with key ~diagnostic~, total=2 
[debug] [2020-06-07T18:49:59.677Z] [worker-pool] submitWork(triggerId=) 
[debug] [2020-06-07T18:49:59.677Z] [worker-~diagnostic~-3bc16b55-27ee-4919-a7dc-287ed9b19f5a]: Assigning socketPath: /var/folders/zn/_h9klgr54fqfrxddhy95lxhw0000gn/T/fire_emu_2010.sock 
[debug] [2020-06-07T18:49:59.677Z] [worker-~diagnostic~-3bc16b55-27ee-4919-a7dc-287ed9b19f5a]: BUSY 
[debug] [2020-06-07T18:49:59.679Z] [worker-~diagnostic~-58fcb806-c136-433a-8a91-4d70af47bbc7]: exited 
[debug] [2020-06-07T18:49:59.680Z] [worker-~diagnostic~-58fcb806-c136-433a-8a91-4d70af47bbc7]: FINISHED 
[debug] [2020-06-07T18:49:59.680Z] [worker-addMessage-149e3ae7-2db3-4662-a08f-f349fc4ea8ed]: exited 
[debug] [2020-06-07T18:49:59.680Z] [worker-addMessage-149e3ae7-2db3-4662-a08f-f349fc4ea8ed]: FINISHED 
[debug] [2020-06-07T18:49:59.680Z] [worker-sendEmailToDriverAndRequesterAfterOfferToDeliver-adff4c63-02bb-4cd2-884d-cdfa915025b5]: exited 
[debug] [2020-06-07T18:49:59.680Z] [worker-sendEmailToDriverAndRequesterAfterOfferToDeliver-adff4c63-02bb-4cd2-884d-cdfa915025b5]: FINISHED 
[debug] [2020-06-07T18:49:59.680Z] [worker-sendEmailAfterPostingRequest-cc1f0901-64ba-47cd-8f65-efc2679baa09]: exited 
[debug] [2020-06-07T18:49:59.680Z] [worker-sendEmailAfterPostingRequest-cc1f0901-64ba-47cd-8f65-efc2679baa09]: FINISHED 
[debug] [2020-06-07T18:49:59.982Z] [runtime-status] [2010] Functions runtime initialized. {"cwd":"/Users/wenxindong/Desktop/ponyexpress/functions","node_version":"13.12.0"} 
[debug] [2020-06-07T18:49:59.990Z] [runtime-status] [2010] Disabled runtime features: undefined 
[debug] [2020-06-07T18:49:59.996Z] [runtime-status] [2010] Resolved module firebase-admin {"declared":true,"installed":true,"version":"8.11.0","resolution":"/Users/wenxindong/Desktop/ponyexpress/functions/node_modules/firebase-admin/lib/index.js"} 
[debug] [2020-06-07T18:49:59.997Z] [runtime-status] [2010] Resolved module firebase-functions {"declared":true,"installed":true,"version":"3.6.0","resolution":"/Users/wenxindong/Desktop/ponyexpress/functions/node_modules/firebase-functions/lib/index.js"} 
[debug] [2020-06-07T18:49:59.999Z] [runtime-status] [2010] Outgoing network have been stubbed. [{"name":"http","status":"mocked"},{"name":"http","status":"mocked"},{"name":"https","status":"mocked"},{"name":"https","status":"mocked"},{"name":"net","status":"mocked"}] 
[debug] [2020-06-07T18:50:00.045Z] [runtime-status] [2010] Checked functions.config() {"config":{}} 
[debug] [2020-06-07T18:50:00.046Z] [runtime-status] [2010] Resolved module firebase-functions {"declared":true,"installed":true,"version":"3.6.0","resolution":"/Users/wenxindong/Desktop/ponyexpress/functions/node_modules/firebase-functions/lib/index.js"} 
[debug] [2020-06-07T18:50:00.047Z] [runtime-status] [2010] Resolved module firebase-admin {"declared":true,"installed":true,"version":"8.11.0","resolution":"/Users/wenxindong/Desktop/ponyexpress/functions/node_modules/firebase-admin/lib/index.js"} 
[debug] [2020-06-07T18:50:00.047Z] [runtime-status] [2010] Resolved module firebase-functions {"declared":true,"installed":true,"version":"3.6.0","resolution":"/Users/wenxindong/Desktop/ponyexpress/functions/node_modules/firebase-functions/lib/index.js"} 
[debug] [2020-06-07T18:50:00.047Z] [runtime-status] [2010] firebase-admin has been stubbed. {"adminResolution":{"declared":true,"installed":true,"version":"8.11.0","resolution":"/Users/wenxindong/Desktop/ponyexpress/functions/node_modules/firebase-admin/lib/index.js"}} 
[debug] [2020-06-07T18:50:00.121Z] [runtime-status] [2010] initializeApp(DEFAULT) {"databaseURL":"https://pony-express-project.firebaseio.com","storageBucket":"pony-express-project.appspot.com","projectId":"pony-express-project"} 
[debug] [2020-06-07T18:50:00.122Z] [worker-~diagnostic~-3bc16b55-27ee-4919-a7dc-287ed9b19f5a]: IDLE 
[debug] [2020-06-07T18:53:03.920Z] File /Users/wenxindong/Desktop/ponyexpress/functions/index.js changed, reloading triggers 
[debug] [2020-06-07T18:53:04.922Z] [worker-pool] Shutting down IDLE worker (~diagnostic~) 
[debug] [2020-06-07T18:53:04.923Z] [worker-~diagnostic~-3bc16b55-27ee-4919-a7dc-287ed9b19f5a]: FINISHING 
[debug] [2020-06-07T18:53:04.924Z] [worker-pool] Cleaned up workers for ~diagnostic~: 2 --> 1 
[debug] [2020-06-07T18:53:04.924Z] [worker-pool] Cleaned up workers for addMessage: 1 --> 0 
[debug] [2020-06-07T18:53:04.924Z] [worker-pool] Cleaned up workers for sendEmailToDriverAndRequesterAfterOfferToDeliver: 1 --> 0 
[debug] [2020-06-07T18:53:04.924Z] [worker-pool] Cleaned up workers for sendEmailAfterPostingRequest: 1 --> 0 
[debug] [2020-06-07T18:53:04.930Z] [worker-pool] addWorker(~diagnostic~) 
[debug] [2020-06-07T18:53:04.931Z] [worker-pool] Adding worker with key ~diagnostic~, total=2 
[debug] [2020-06-07T18:53:04.931Z] [worker-pool] submitWork(triggerId=) 
[debug] [2020-06-07T18:53:04.931Z] [worker-~diagnostic~-41dbb123-9394-4be1-ae9d-4e02c788dad6]: Assigning socketPath: /var/folders/zn/_h9klgr54fqfrxddhy95lxhw0000gn/T/fire_emu_2116.sock 
[debug] [2020-06-07T18:53:04.931Z] [worker-~diagnostic~-41dbb123-9394-4be1-ae9d-4e02c788dad6]: BUSY 
[debug] [2020-06-07T18:53:04.932Z] [worker-~diagnostic~-3bc16b55-27ee-4919-a7dc-287ed9b19f5a]: exited 
[debug] [2020-06-07T18:53:04.932Z] [worker-~diagnostic~-3bc16b55-27ee-4919-a7dc-287ed9b19f5a]: FINISHED 
[debug] [2020-06-07T18:53:05.629Z] [runtime-status] [2116] Functions runtime initialized. {"cwd":"/Users/wenxindong/Desktop/ponyexpress/functions","node_version":"13.12.0"} 
[debug] [2020-06-07T18:53:05.632Z] [runtime-status] [2116] Disabled runtime features: undefined 
[debug] [2020-06-07T18:53:05.642Z] [runtime-status] [2116] Resolved module firebase-admin {"declared":true,"installed":true,"version":"8.11.0","resolution":"/Users/wenxindong/Desktop/ponyexpress/functions/node_modules/firebase-admin/lib/index.js"} 
[debug] [2020-06-07T18:53:05.643Z] [runtime-status] [2116] Resolved module firebase-functions {"declared":true,"installed":true,"version":"3.6.0","resolution":"/Users/wenxindong/Desktop/ponyexpress/functions/node_modules/firebase-functions/lib/index.js"} 
[debug] [2020-06-07T18:53:05.644Z] [runtime-status] [2116] Outgoing network have been stubbed. [{"name":"http","status":"mocked"},{"name":"http","status":"mocked"},{"name":"https","status":"mocked"},{"name":"https","status":"mocked"},{"name":"net","status":"mocked"}] 
[debug] [2020-06-07T18:53:05.721Z] [runtime-status] [2116] Checked functions.config() {"config":{}} 
[debug] [2020-06-07T18:53:05.722Z] [runtime-status] [2116] Resolved module firebase-functions {"declared":true,"installed":true,"version":"3.6.0","resolution":"/Users/wenxindong/Desktop/ponyexpress/functions/node_modules/firebase-functions/lib/index.js"} 
[debug] [2020-06-07T18:53:05.723Z] [runtime-status] [2116] Resolved module firebase-admin {"declared":true,"installed":true,"version":"8.11.0","resolution":"/Users/wenxindong/Desktop/ponyexpress/functions/node_modules/firebase-admin/lib/index.js"} 
[debug] [2020-06-07T18:53:05.723Z] [runtime-status] [2116] Resolved module firebase-functions {"declared":true,"installed":true,"version":"3.6.0","resolution":"/Users/wenxindong/Desktop/ponyexpress/functions/node_modules/firebase-functions/lib/index.js"} 
[debug] [2020-06-07T18:53:05.723Z] [runtime-status] [2116] firebase-admin has been stubbed. {"adminResolution":{"declared":true,"installed":true,"version":"8.11.0","resolution":"/Users/wenxindong/Desktop/ponyexpress/functions/node_modules/firebase-admin/lib/index.js"}} 
[debug] [2020-06-07T18:53:05.891Z] [runtime-status] [2116] initializeApp(DEFAULT) {"databaseURL":"https://pony-express-project.firebaseio.com","storageBucket":"pony-express-project.appspot.com","projectId":"pony-express-project"} 
[debug] [2020-06-07T18:53:05.894Z] [worker-~diagnostic~-41dbb123-9394-4be1-ae9d-4e02c788dad6]: IDLE 
[debug] [2020-06-07T18:53:13.313Z] File /Users/wenxindong/Desktop/ponyexpress/functions/index.js changed, reloading triggers 
[debug] [2020-06-07T18:53:14.313Z] [worker-pool] Shutting down IDLE worker (~diagnostic~) 
[debug] [2020-06-07T18:53:14.314Z] [worker-~diagnostic~-41dbb123-9394-4be1-ae9d-4e02c788dad6]: FINISHING 
[debug] [2020-06-07T18:53:14.315Z] [worker-pool] Cleaned up workers for ~diagnostic~: 2 --> 1 
[debug] [2020-06-07T18:53:14.322Z] [worker-pool] addWorker(~diagnostic~) 
[debug] [2020-06-07T18:53:14.323Z] [worker-pool] Adding worker with key ~diagnostic~, total=2 
[debug] [2020-06-07T18:53:14.323Z] [worker-pool] submitWork(triggerId=) 
[debug] [2020-06-07T18:53:14.323Z] [worker-~diagnostic~-dfa0d6ee-8ed4-41a4-b84b-c98db8fe61c6]: Assigning socketPath: /var/folders/zn/_h9klgr54fqfrxddhy95lxhw0000gn/T/fire_emu_2119.sock 
[debug] [2020-06-07T18:53:14.323Z] [worker-~diagnostic~-dfa0d6ee-8ed4-41a4-b84b-c98db8fe61c6]: BUSY 
[debug] [2020-06-07T18:53:14.325Z] [worker-~diagnostic~-41dbb123-9394-4be1-ae9d-4e02c788dad6]: exited 
[debug] [2020-06-07T18:53:14.326Z] [worker-~diagnostic~-41dbb123-9394-4be1-ae9d-4e02c788dad6]: FINISHED 
[debug] [2020-06-07T18:53:14.592Z] [runtime-status] [2119] Functions runtime initialized. {"cwd":"/Users/wenxindong/Desktop/ponyexpress/functions","node_version":"13.12.0"} 
[debug] [2020-06-07T18:53:14.599Z] [runtime-status] [2119] Disabled runtime features: undefined 
[debug] [2020-06-07T18:53:14.599Z] [runtime-status] [2119] Resolved module firebase-admin {"declared":true,"installed":true,"version":"8.11.0","resolution":"/Users/wenxindong/Desktop/ponyexpress/functions/node_modules/firebase-admin/lib/index.js"} 
[debug] [2020-06-07T18:53:14.599Z] [runtime-status] [2119] Resolved module firebase-functions {"declared":true,"installed":true,"version":"3.6.0","resolution":"/Users/wenxindong/Desktop/ponyexpress/functions/node_modules/firebase-functions/lib/index.js"} 
[debug] [2020-06-07T18:53:14.600Z] [runtime-status] [2119] Outgoing network have been stubbed. [{"name":"http","status":"mocked"},{"name":"http","status":"mocked"},{"name":"https","status":"mocked"},{"name":"https","status":"mocked"},{"name":"net","status":"mocked"}] 
[debug] [2020-06-07T18:53:14.630Z] [runtime-status] [2119] Checked functions.config() {"config":{}} 
[debug] [2020-06-07T18:53:14.631Z] [runtime-status] [2119] Resolved module firebase-functions {"declared":true,"installed":true,"version":"3.6.0","resolution":"/Users/wenxindong/Desktop/ponyexpress/functions/node_modules/firebase-functions/lib/index.js"} 
[debug] [2020-06-07T18:53:14.631Z] [runtime-status] [2119] Resolved module firebase-admin {"declared":true,"installed":true,"version":"8.11.0","resolution":"/Users/wenxindong/Desktop/ponyexpress/functions/node_modules/firebase-admin/lib/index.js"} 
[debug] [2020-06-07T18:53:14.632Z] [runtime-status] [2119] Resolved module firebase-functions {"declared":true,"installed":true,"version":"3.6.0","resolution":"/Users/wenxindong/Desktop/ponyexpress/functions/node_modules/firebase-functions/lib/index.js"} 
[debug] [2020-06-07T18:53:14.632Z] [runtime-status] [2119] firebase-admin has been stubbed. {"adminResolution":{"declared":true,"installed":true,"version":"8.11.0","resolution":"/Users/wenxindong/Desktop/ponyexpress/functions/node_modules/firebase-admin/lib/index.js"}} 
[debug] [2020-06-07T18:53:14.665Z] [runtime-status] [2119] initializeApp(DEFAULT) {"databaseURL":"https://pony-express-project.firebaseio.com","storageBucket":"pony-express-project.appspot.com","projectId":"pony-express-project"} 
[debug] [2020-06-07T18:53:14.667Z] [worker-~diagnostic~-dfa0d6ee-8ed4-41a4-b84b-c98db8fe61c6]: IDLE 
[debug] [2020-06-07T18:53:44.716Z] File /Users/wenxindong/Desktop/ponyexpress/functions/index.js changed, reloading triggers 
[debug] [2020-06-07T18:53:45.717Z] [worker-pool] Shutting down IDLE worker (~diagnostic~) 
[debug] [2020-06-07T18:53:45.718Z] [worker-~diagnostic~-dfa0d6ee-8ed4-41a4-b84b-c98db8fe61c6]: FINISHING 
[debug] [2020-06-07T18:53:45.718Z] [worker-pool] Cleaned up workers for ~diagnostic~: 2 --> 1 
[debug] [2020-06-07T18:53:45.725Z] [worker-pool] addWorker(~diagnostic~) 
[debug] [2020-06-07T18:53:45.725Z] [worker-pool] Adding worker with key ~diagnostic~, total=2 
[debug] [2020-06-07T18:53:45.725Z] [worker-pool] submitWork(triggerId=) 
[debug] [2020-06-07T18:53:45.725Z] [worker-~diagnostic~-161c9847-e21e-4e9e-a687-0d41bf43de9a]: Assigning socketPath: /var/folders/zn/_h9klgr54fqfrxddhy95lxhw0000gn/T/fire_emu_2121.sock 
[debug] [2020-06-07T18:53:45.725Z] [worker-~diagnostic~-161c9847-e21e-4e9e-a687-0d41bf43de9a]: BUSY 
[debug] [2020-06-07T18:53:45.727Z] [worker-~diagnostic~-dfa0d6ee-8ed4-41a4-b84b-c98db8fe61c6]: exited 
[debug] [2020-06-07T18:53:45.727Z] [worker-~diagnostic~-dfa0d6ee-8ed4-41a4-b84b-c98db8fe61c6]: FINISHED 
[debug] [2020-06-07T18:53:46.032Z] [runtime-status] [2121] Functions runtime initialized. {"cwd":"/Users/wenxindong/Desktop/ponyexpress/functions","node_version":"13.12.0"} 
[debug] [2020-06-07T18:53:46.032Z] [runtime-status] [2121] Disabled runtime features: undefined 
[debug] [2020-06-07T18:53:46.032Z] [runtime-status] [2121] Resolved module firebase-admin {"declared":true,"installed":true,"version":"8.11.0","resolution":"/Users/wenxindong/Desktop/ponyexpress/functions/node_modules/firebase-admin/lib/index.js"} 
[debug] [2020-06-07T18:53:46.032Z] [runtime-status] [2121] Resolved module firebase-functions {"declared":true,"installed":true,"version":"3.6.0","resolution":"/Users/wenxindong/Desktop/ponyexpress/functions/node_modules/firebase-functions/lib/index.js"} 
[debug] [2020-06-07T18:53:46.035Z] [runtime-status] [2121] Outgoing network have been stubbed. [{"name":"http","status":"mocked"},{"name":"http","status":"mocked"},{"name":"https","status":"mocked"},{"name":"https","status":"mocked"},{"name":"net","status":"mocked"}] 
[debug] [2020-06-07T18:53:46.080Z] [runtime-status] [2121] Checked functions.config() {"config":{}} 
[debug] [2020-06-07T18:53:46.081Z] [runtime-status] [2121] Resolved module firebase-functions {"declared":true,"installed":true,"version":"3.6.0","resolution":"/Users/wenxindong/Desktop/ponyexpress/functions/node_modules/firebase-functions/lib/index.js"} 
[debug] [2020-06-07T18:53:46.081Z] [runtime-status] [2121] Resolved module firebase-admin {"declared":true,"installed":true,"version":"8.11.0","resolution":"/Users/wenxindong/Desktop/ponyexpress/functions/node_modules/firebase-admin/lib/index.js"} 
[debug] [2020-06-07T18:53:46.082Z] [runtime-status] [2121] Resolved module firebase-functions {"declared":true,"installed":true,"version":"3.6.0","resolution":"/Users/wenxindong/Desktop/ponyexpress/functions/node_modules/firebase-functions/lib/index.js"} 
[debug] [2020-06-07T18:53:46.082Z] [runtime-status] [2121] firebase-admin has been stubbed. {"adminResolution":{"declared":true,"installed":true,"version":"8.11.0","resolution":"/Users/wenxindong/Desktop/ponyexpress/functions/node_modules/firebase-admin/lib/index.js"}} 
[debug] [2020-06-07T18:53:46.116Z] [runtime-status] [2121] initializeApp(DEFAULT) {"databaseURL":"https://pony-express-project.firebaseio.com","storageBucket":"pony-express-project.appspot.com","projectId":"pony-express-project"} 
[debug] [2020-06-07T18:53:46.118Z] [worker-~diagnostic~-161c9847-e21e-4e9e-a687-0d41bf43de9a]: IDLE 
[debug] [2020-06-07T18:57:30.105Z] File /Users/wenxindong/Desktop/ponyexpress/functions/index.js changed, reloading triggers 
[debug] [2020-06-07T18:57:31.108Z] [worker-pool] Shutting down IDLE worker (~diagnostic~) 
[debug] [2020-06-07T18:57:31.108Z] [worker-~diagnostic~-161c9847-e21e-4e9e-a687-0d41bf43de9a]: FINISHING 
[debug] [2020-06-07T18:57:31.109Z] [worker-pool] Cleaned up workers for ~diagnostic~: 2 --> 1 
[debug] [2020-06-07T18:57:31.115Z] [worker-pool] addWorker(~diagnostic~) 
[debug] [2020-06-07T18:57:31.115Z] [worker-pool] Adding worker with key ~diagnostic~, total=2 
[debug] [2020-06-07T18:57:31.115Z] [worker-pool] submitWork(triggerId=) 
[debug] [2020-06-07T18:57:31.116Z] [worker-~diagnostic~-7dd44063-47ed-4a4c-a75b-f59c067917df]: Assigning socketPath: /var/folders/zn/_h9klgr54fqfrxddhy95lxhw0000gn/T/fire_emu_2140.sock 
[debug] [2020-06-07T18:57:31.116Z] [worker-~diagnostic~-7dd44063-47ed-4a4c-a75b-f59c067917df]: BUSY 
[debug] [2020-06-07T18:57:31.118Z] [worker-~diagnostic~-161c9847-e21e-4e9e-a687-0d41bf43de9a]: exited 
[debug] [2020-06-07T18:57:31.118Z] [worker-~diagnostic~-161c9847-e21e-4e9e-a687-0d41bf43de9a]: FINISHED 
[debug] [2020-06-07T18:57:31.752Z] [runtime-status] [2140] Functions runtime initialized. {"cwd":"/Users/wenxindong/Desktop/ponyexpress/functions","node_version":"13.12.0"} 
[debug] [2020-06-07T18:57:31.754Z] [runtime-status] [2140] Disabled runtime features: undefined 
[debug] [2020-06-07T18:57:31.767Z] [runtime-status] [2140] Resolved module firebase-admin {"declared":true,"installed":true,"version":"8.11.0","resolution":"/Users/wenxindong/Desktop/ponyexpress/functions/node_modules/firebase-admin/lib/index.js"} 
[debug] [2020-06-07T18:57:31.767Z] [runtime-status] [2140] Resolved module firebase-functions {"declared":true,"installed":true,"version":"3.6.0","resolution":"/Users/wenxindong/Desktop/ponyexpress/functions/node_modules/firebase-functions/lib/index.js"} 
[debug] [2020-06-07T18:57:31.769Z] [runtime-status] [2140] Outgoing network have been stubbed. [{"name":"http","status":"mocked"},{"name":"http","status":"mocked"},{"name":"https","status":"mocked"},{"name":"https","status":"mocked"},{"name":"net","status":"mocked"}] 
[debug] [2020-06-07T18:57:31.866Z] [runtime-status] [2140] Checked functions.config() {"config":{}} 
[debug] [2020-06-07T18:57:31.866Z] [runtime-status] [2140] Resolved module firebase-functions {"declared":true,"installed":true,"version":"3.6.0","resolution":"/Users/wenxindong/Desktop/ponyexpress/functions/node_modules/firebase-functions/lib/index.js"} 
[debug] [2020-06-07T18:57:31.867Z] [runtime-status] [2140] Resolved module firebase-admin {"declared":true,"installed":true,"version":"8.11.0","resolution":"/Users/wenxindong/Desktop/ponyexpress/functions/node_modules/firebase-admin/lib/index.js"} 
[debug] [2020-06-07T18:57:31.868Z] [runtime-status] [2140] Resolved module firebase-functions {"declared":true,"installed":true,"version":"3.6.0","resolution":"/Users/wenxindong/Desktop/ponyexpress/functions/node_modules/firebase-functions/lib/index.js"} 
[debug] [2020-06-07T18:57:31.868Z] [runtime-status] [2140] firebase-admin has been stubbed. {"adminResolution":{"declared":true,"installed":true,"version":"8.11.0","resolution":"/Users/wenxindong/Desktop/ponyexpress/functions/node_modules/firebase-admin/lib/index.js"}} 
[debug] [2020-06-07T18:57:31.953Z] [runtime-status] [2140] initializeApp(DEFAULT) {"databaseURL":"https://pony-express-project.firebaseio.com","storageBucket":"pony-express-project.appspot.com","projectId":"pony-express-project"} 
[debug] [2020-06-07T18:57:31.955Z] [worker-~diagnostic~-7dd44063-47ed-4a4c-a75b-f59c067917df]: IDLE 
[debug] [2020-06-07T18:59:18.322Z] File /Users/wenxindong/Desktop/ponyexpress/functions/index.js changed, reloading triggers 
[debug] [2020-06-07T18:59:19.327Z] [worker-pool] Shutting down IDLE worker (~diagnostic~) 
[debug] [2020-06-07T18:59:19.327Z] [worker-~diagnostic~-7dd44063-47ed-4a4c-a75b-f59c067917df]: FINISHING 
[debug] [2020-06-07T18:59:19.327Z] [worker-pool] Cleaned up workers for ~diagnostic~: 2 --> 1 
[debug] [2020-06-07T18:59:19.333Z] [worker-pool] addWorker(~diagnostic~) 
[debug] [2020-06-07T18:59:19.333Z] [worker-pool] Adding worker with key ~diagnostic~, total=2 
[debug] [2020-06-07T18:59:19.333Z] [worker-pool] submitWork(triggerId=) 
[debug] [2020-06-07T18:59:19.334Z] [worker-~diagnostic~-09d51fbd-78b4-4f02-a306-97ae29e48c43]: Assigning socketPath: /var/folders/zn/_h9klgr54fqfrxddhy95lxhw0000gn/T/fire_emu_2152.sock 
[debug] [2020-06-07T18:59:19.334Z] [worker-~diagnostic~-09d51fbd-78b4-4f02-a306-97ae29e48c43]: BUSY 
[debug] [2020-06-07T18:59:19.335Z] [worker-~diagnostic~-7dd44063-47ed-4a4c-a75b-f59c067917df]: exited 
[debug] [2020-06-07T18:59:19.335Z] [worker-~diagnostic~-7dd44063-47ed-4a4c-a75b-f59c067917df]: FINISHED 
[debug] [2020-06-07T18:59:19.694Z] [runtime-status] [2152] Functions runtime initialized. {"cwd":"/Users/wenxindong/Desktop/ponyexpress/functions","node_version":"13.12.0"} 
[debug] [2020-06-07T18:59:19.696Z] [runtime-status] [2152] Disabled runtime features: undefined 
[debug] [2020-06-07T18:59:19.705Z] [runtime-status] [2152] Resolved module firebase-admin {"declared":true,"installed":true,"version":"8.11.0","resolution":"/Users/wenxindong/Desktop/ponyexpress/functions/node_modules/firebase-admin/lib/index.js"} 
[debug] [2020-06-07T18:59:19.720Z] [runtime-status] [2152] Resolved module firebase-functions {"declared":true,"installed":true,"version":"3.6.0","resolution":"/Users/wenxindong/Desktop/ponyexpress/functions/node_modules/firebase-functions/lib/index.js"} 
[debug] [2020-06-07T18:59:19.725Z] [runtime-status] [2152] Outgoing network have been stubbed. [{"name":"http","status":"mocked"},{"name":"http","status":"mocked"},{"name":"https","status":"mocked"},{"name":"https","status":"mocked"},{"name":"net","status":"mocked"}] 
[debug] [2020-06-07T18:59:19.768Z] [runtime-status] [2152] Checked functions.config() {"config":{}} 
[debug] [2020-06-07T18:59:19.769Z] [runtime-status] [2152] Resolved module firebase-functions {"declared":true,"installed":true,"version":"3.6.0","resolution":"/Users/wenxindong/Desktop/ponyexpress/functions/node_modules/firebase-functions/lib/index.js"} 
[debug] [2020-06-07T18:59:19.771Z] [runtime-status] [2152] Resolved module firebase-admin {"declared":true,"installed":true,"version":"8.11.0","resolution":"/Users/wenxindong/Desktop/ponyexpress/functions/node_modules/firebase-admin/lib/index.js"} 
[debug] [2020-06-07T18:59:19.773Z] [runtime-status] [2152] Resolved module firebase-functions {"declared":true,"installed":true,"version":"3.6.0","resolution":"/Users/wenxindong/Desktop/ponyexpress/functions/node_modules/firebase-functions/lib/index.js"} 
[debug] [2020-06-07T18:59:19.773Z] [runtime-status] [2152] firebase-admin has been stubbed. {"adminResolution":{"declared":true,"installed":true,"version":"8.11.0","resolution":"/Users/wenxindong/Desktop/ponyexpress/functions/node_modules/firebase-admin/lib/index.js"}} 
[debug] [2020-06-07T18:59:19.809Z] [runtime-status] [2152] initializeApp(DEFAULT) {"databaseURL":"https://pony-express-project.firebaseio.com","storageBucket":"pony-express-project.appspot.com","projectId":"pony-express-project"} 
[debug] [2020-06-07T18:59:19.811Z] [worker-~diagnostic~-09d51fbd-78b4-4f02-a306-97ae29e48c43]: IDLE 
[debug] [2020-06-07T19:02:18.282Z] File /Users/wenxindong/Desktop/ponyexpress/functions/index.js changed, reloading triggers 
[debug] [2020-06-07T19:02:19.288Z] [worker-pool] Shutting down IDLE worker (~diagnostic~) 
[debug] [2020-06-07T19:02:19.288Z] [worker-~diagnostic~-09d51fbd-78b4-4f02-a306-97ae29e48c43]: FINISHING 
[debug] [2020-06-07T19:02:19.288Z] [worker-pool] Cleaned up workers for ~diagnostic~: 2 --> 1 
[debug] [2020-06-07T19:02:19.298Z] [worker-pool] addWorker(~diagnostic~) 
[debug] [2020-06-07T19:02:19.298Z] [worker-pool] Adding worker with key ~diagnostic~, total=2 
[debug] [2020-06-07T19:02:19.298Z] [worker-pool] submitWork(triggerId=) 
[debug] [2020-06-07T19:02:19.298Z] [worker-~diagnostic~-ea2e0419-fbeb-430d-b436-56f274931e38]: Assigning socketPath: /var/folders/zn/_h9klgr54fqfrxddhy95lxhw0000gn/T/fire_emu_2176.sock 
[debug] [2020-06-07T19:02:19.298Z] [worker-~diagnostic~-ea2e0419-fbeb-430d-b436-56f274931e38]: BUSY 
[debug] [2020-06-07T19:02:19.300Z] [worker-~diagnostic~-09d51fbd-78b4-4f02-a306-97ae29e48c43]: exited 
[debug] [2020-06-07T19:02:19.300Z] [worker-~diagnostic~-09d51fbd-78b4-4f02-a306-97ae29e48c43]: FINISHED 
[debug] [2020-06-07T19:02:19.798Z] [runtime-status] [2176] Functions runtime initialized. {"cwd":"/Users/wenxindong/Desktop/ponyexpress/functions","node_version":"13.12.0"} 
[debug] [2020-06-07T19:02:19.800Z] [runtime-status] [2176] Disabled runtime features: undefined 
[debug] [2020-06-07T19:02:19.807Z] [runtime-status] [2176] Resolved module firebase-admin {"declared":true,"installed":true,"version":"8.11.0","resolution":"/Users/wenxindong/Desktop/ponyexpress/functions/node_modules/firebase-admin/lib/index.js"} 
[debug] [2020-06-07T19:02:19.810Z] [runtime-status] [2176] Resolved module firebase-functions {"declared":true,"installed":true,"version":"3.6.0","resolution":"/Users/wenxindong/Desktop/ponyexpress/functions/node_modules/firebase-functions/lib/index.js"} 
[debug] [2020-06-07T19:02:19.813Z] [runtime-status] [2176] Outgoing network have been stubbed. [{"name":"http","status":"mocked"},{"name":"http","status":"mocked"},{"name":"https","status":"mocked"},{"name":"https","status":"mocked"},{"name":"net","status":"mocked"}] 
[debug] [2020-06-07T19:02:19.842Z] [runtime-status] [2176] Checked functions.config() {"config":{}} 
[debug] [2020-06-07T19:02:19.842Z] [runtime-status] [2176] Resolved module firebase-functions {"declared":true,"installed":true,"version":"3.6.0","resolution":"/Users/wenxindong/Desktop/ponyexpress/functions/node_modules/firebase-functions/lib/index.js"} 
[debug] [2020-06-07T19:02:19.843Z] [runtime-status] [2176] Resolved module firebase-admin {"declared":true,"installed":true,"version":"8.11.0","resolution":"/Users/wenxindong/Desktop/ponyexpress/functions/node_modules/firebase-admin/lib/index.js"} 
[debug] [2020-06-07T19:02:19.844Z] [runtime-status] [2176] Resolved module firebase-functions {"declared":true,"installed":true,"version":"3.6.0","resolution":"/Users/wenxindong/Desktop/ponyexpress/functions/node_modules/firebase-functions/lib/index.js"} 
[debug] [2020-06-07T19:02:19.844Z] [runtime-status] [2176] firebase-admin has been stubbed. {"adminResolution":{"declared":true,"installed":true,"version":"8.11.0","resolution":"/Users/wenxindong/Desktop/ponyexpress/functions/node_modules/firebase-admin/lib/index.js"}} 
[debug] [2020-06-07T19:02:19.875Z] [runtime-status] [2176] initializeApp(DEFAULT) {"databaseURL":"https://pony-express-project.firebaseio.com","storageBucket":"pony-express-project.appspot.com","projectId":"pony-express-project"} 
[debug] [2020-06-07T19:02:19.876Z] [worker-~diagnostic~-ea2e0419-fbeb-430d-b436-56f274931e38]: IDLE 
[debug] [2020-06-07T19:02:30.721Z] File /Users/wenxindong/Desktop/ponyexpress/functions/index.js changed, reloading triggers 
[debug] [2020-06-07T19:02:30.821Z] File /Users/wenxindong/Desktop/ponyexpress/functions/index.js changed, reloading triggers 
[debug] [2020-06-07T19:02:31.822Z] [worker-pool] Shutting down IDLE worker (~diagnostic~) 
[debug] [2020-06-07T19:02:31.822Z] [worker-~diagnostic~-ea2e0419-fbeb-430d-b436-56f274931e38]: FINISHING 
[debug] [2020-06-07T19:02:31.822Z] [worker-pool] Cleaned up workers for ~diagnostic~: 2 --> 1 
[debug] [2020-06-07T19:02:31.836Z] [worker-pool] addWorker(~diagnostic~) 
[debug] [2020-06-07T19:02:31.836Z] [worker-pool] Adding worker with key ~diagnostic~, total=2 
[debug] [2020-06-07T19:02:31.836Z] [worker-pool] submitWork(triggerId=) 
[debug] [2020-06-07T19:02:31.836Z] [worker-~diagnostic~-e2b9e132-7f2a-4196-b05f-08e5df12d5d8]: Assigning socketPath: /var/folders/zn/_h9klgr54fqfrxddhy95lxhw0000gn/T/fire_emu_2195.sock 
[debug] [2020-06-07T19:02:31.836Z] [worker-~diagnostic~-e2b9e132-7f2a-4196-b05f-08e5df12d5d8]: BUSY 
[debug] [2020-06-07T19:02:31.837Z] [worker-~diagnostic~-ea2e0419-fbeb-430d-b436-56f274931e38]: exited 
[debug] [2020-06-07T19:02:31.837Z] [worker-~diagnostic~-ea2e0419-fbeb-430d-b436-56f274931e38]: FINISHED 
[debug] [2020-06-07T19:02:32.196Z] [runtime-status] [2195] Functions runtime initialized. {"cwd":"/Users/wenxindong/Desktop/ponyexpress/functions","node_version":"13.12.0"} 
[debug] [2020-06-07T19:02:32.198Z] [runtime-status] [2195] Disabled runtime features: undefined 
[debug] [2020-06-07T19:02:32.201Z] [runtime-status] [2195] Resolved module firebase-admin {"declared":true,"installed":true,"version":"8.11.0","resolution":"/Users/wenxindong/Desktop/ponyexpress/functions/node_modules/firebase-admin/lib/index.js"} 
[debug] [2020-06-07T19:02:32.202Z] [runtime-status] [2195] Resolved module firebase-functions {"declared":true,"installed":true,"version":"3.6.0","resolution":"/Users/wenxindong/Desktop/ponyexpress/functions/node_modules/firebase-functions/lib/index.js"} 
[debug] [2020-06-07T19:02:32.204Z] [runtime-status] [2195] Outgoing network have been stubbed. [{"name":"http","status":"mocked"},{"name":"http","status":"mocked"},{"name":"https","status":"mocked"},{"name":"https","status":"mocked"},{"name":"net","status":"mocked"}] 
[debug] [2020-06-07T19:02:32.245Z] [runtime-status] [2195] Checked functions.config() {"config":{}} 
[debug] [2020-06-07T19:02:32.246Z] [runtime-status] [2195] Resolved module firebase-functions {"declared":true,"installed":true,"version":"3.6.0","resolution":"/Users/wenxindong/Desktop/ponyexpress/functions/node_modules/firebase-functions/lib/index.js"} 
[debug] [2020-06-07T19:02:32.247Z] [runtime-status] [2195] Resolved module firebase-admin {"declared":true,"installed":true,"version":"8.11.0","resolution":"/Users/wenxindong/Desktop/ponyexpress/functions/node_modules/firebase-admin/lib/index.js"} 
[debug] [2020-06-07T19:02:32.248Z] [runtime-status] [2195] Resolved module firebase-functions {"declared":true,"installed":true,"version":"3.6.0","resolution":"/Users/wenxindong/Desktop/ponyexpress/functions/node_modules/firebase-functions/lib/index.js"} 
[debug] [2020-06-07T19:02:32.248Z] [runtime-status] [2195] firebase-admin has been stubbed. {"adminResolution":{"declared":true,"installed":true,"version":"8.11.0","resolution":"/Users/wenxindong/Desktop/ponyexpress/functions/node_modules/firebase-admin/lib/index.js"}} 
[debug] [2020-06-07T19:02:32.280Z] [runtime-status] [2195] initializeApp(DEFAULT) {"databaseURL":"https://pony-express-project.firebaseio.com","storageBucket":"pony-express-project.appspot.com","projectId":"pony-express-project"} 
[debug] [2020-06-07T19:02:32.282Z] [worker-~diagnostic~-e2b9e132-7f2a-4196-b05f-08e5df12d5d8]: IDLE 
